<?xml version="1.0" encoding="UTF-8"?>
<testsuite xmlns:xsi="http://www.w3.org/2001/XMLSchema-instance" xsi:noNamespaceSchemaLocation="https://maven.apache.org/surefire/maven-surefire-plugin/xsd/surefire-test-report-3.0.xsd" version="3.0" name="com.sample.AppTest" time="0.011" tests="1" errors="0" skipped="0" failures="0">
  <properties>
    <property name="gopherProxySet" value="false"/>
    <property name="awt.toolkit" value="sun.lwawt.macosx.LWCToolkit"/>
    <property name="java.specification.version" value="11"/>
    <property name="sun.cpu.isalist" value=""/>
    <property name="sun.jnu.encoding" value="UTF-8"/>
    <property name="java.class.path" value="/Users/tsurdilovic/devel/demos/moneytransfer/banking-orchestration/target/test-classes:/Users/tsurdilovic/devel/demos/moneytransfer/banking-orchestration/target/classes:/Users/tsurdilovic/.m2/repository/io/temporal/temporal-sdk/1.18.0/temporal-sdk-1.18.0.jar:/Users/tsurdilovic/.m2/repository/io/temporal/temporal-serviceclient/1.18.0/temporal-serviceclient-1.18.0.jar:/Users/tsurdilovic/.m2/repository/io/grpc/grpc-api/1.52.1/grpc-api-1.52.1.jar:/Users/tsurdilovic/.m2/repository/io/grpc/grpc-context/1.52.1/grpc-context-1.52.1.jar:/Users/tsurdilovic/.m2/repository/com/google/code/findbugs/jsr305/3.0.2/jsr305-3.0.2.jar:/Users/tsurdilovic/.m2/repository/com/google/errorprone/error_prone_annotations/2.14.0/error_prone_annotations-2.14.0.jar:/Users/tsurdilovic/.m2/repository/io/grpc/grpc-stub/1.52.1/grpc-stub-1.52.1.jar:/Users/tsurdilovic/.m2/repository/io/grpc/grpc-netty-shaded/1.52.1/grpc-netty-shaded-1.52.1.jar:/Users/tsurdilovic/.m2/repository/io/perfmark/perfmark-api/0.25.0/perfmark-api-0.25.0.jar:/Users/tsurdilovic/.m2/repository/io/grpc/grpc-services/1.52.1/grpc-services-1.52.1.jar:/Users/tsurdilovic/.m2/repository/io/grpc/grpc-protobuf/1.52.1/grpc-protobuf-1.52.1.jar:/Users/tsurdilovic/.m2/repository/com/google/api/grpc/proto-google-common-protos/2.9.0/proto-google-common-protos-2.9.0.jar:/Users/tsurdilovic/.m2/repository/io/grpc/grpc-protobuf-lite/1.52.1/grpc-protobuf-lite-1.52.1.jar:/Users/tsurdilovic/.m2/repository/com/google/protobuf/protobuf-java-util/3.21.12/protobuf-java-util-3.21.12.jar:/Users/tsurdilovic/.m2/repository/com/google/protobuf/protobuf-java/3.21.12/protobuf-java-3.21.12.jar:/Users/tsurdilovic/.m2/repository/com/uber/m3/tally-core/0.12.0/tally-core-0.12.0.jar:/Users/tsurdilovic/.m2/repository/javax/annotation/javax.annotation-api/1.3.2/javax.annotation-api-1.3.2.jar:/Users/tsurdilovic/.m2/repository/io/grpc/grpc-core/1.52.1/grpc-core-1.52.1.jar:/Users/tsurdilovic/.m2/repository/com/google/android/annotations/4.1.1.4/annotations-4.1.1.4.jar:/Users/tsurdilovic/.m2/repository/org/codehaus/mojo/animal-sniffer-annotations/1.21/animal-sniffer-annotations-1.21.jar:/Users/tsurdilovic/.m2/repository/com/google/code/gson/gson/2.10.1/gson-2.10.1.jar:/Users/tsurdilovic/.m2/repository/io/micrometer/micrometer-core/1.9.7/micrometer-core-1.9.7.jar:/Users/tsurdilovic/.m2/repository/org/hdrhistogram/HdrHistogram/2.1.12/HdrHistogram-2.1.12.jar:/Users/tsurdilovic/.m2/repository/org/latencyutils/LatencyUtils/2.0.3/LatencyUtils-2.0.3.jar:/Users/tsurdilovic/.m2/repository/com/google/guava/guava/31.1-jre/guava-31.1-jre.jar:/Users/tsurdilovic/.m2/repository/com/google/guava/failureaccess/1.0.1/failureaccess-1.0.1.jar:/Users/tsurdilovic/.m2/repository/com/google/guava/listenablefuture/9999.0-empty-to-avoid-conflict-with-guava/listenablefuture-9999.0-empty-to-avoid-conflict-with-guava.jar:/Users/tsurdilovic/.m2/repository/com/fasterxml/jackson/datatype/jackson-datatype-jsr310/2.14.2/jackson-datatype-jsr310-2.14.2.jar:/Users/tsurdilovic/.m2/repository/com/fasterxml/jackson/datatype/jackson-datatype-jdk8/2.14.2/jackson-datatype-jdk8-2.14.2.jar:/Users/tsurdilovic/.m2/repository/io/temporal/temporal-testing/1.18.0/temporal-testing-1.18.0.jar:/Users/tsurdilovic/.m2/repository/io/temporal/temporal-test-server/1.18.0/temporal-test-server-1.18.0.jar:/Users/tsurdilovic/.m2/repository/com/cronutils/cron-utils/9.2.0/cron-utils-9.2.0.jar:/Users/tsurdilovic/.m2/repository/org/glassfish/jakarta.el/3.0.4/jakarta.el-3.0.4.jar:/Users/tsurdilovic/.m2/repository/com/jayway/jsonpath/json-path/2.7.0/json-path-2.7.0.jar:/Users/tsurdilovic/.m2/repository/net/minidev/json-smart/2.4.7/json-smart-2.4.7.jar:/Users/tsurdilovic/.m2/repository/net/minidev/accessors-smart/2.4.7/accessors-smart-2.4.7.jar:/Users/tsurdilovic/.m2/repository/org/ow2/asm/asm/9.1/asm-9.1.jar:/Users/tsurdilovic/.m2/repository/ch/qos/logback/logback-classic/1.2.6/logback-classic-1.2.6.jar:/Users/tsurdilovic/.m2/repository/ch/qos/logback/logback-core/1.2.6/logback-core-1.2.6.jar:/Users/tsurdilovic/.m2/repository/org/slf4j/slf4j-api/1.7.32/slf4j-api-1.7.32.jar:/Users/tsurdilovic/.m2/repository/commons-configuration/commons-configuration/1.10/commons-configuration-1.10.jar:/Users/tsurdilovic/.m2/repository/commons-lang/commons-lang/2.6/commons-lang-2.6.jar:/Users/tsurdilovic/.m2/repository/commons-logging/commons-logging/1.1.1/commons-logging-1.1.1.jar:/Users/tsurdilovic/.m2/repository/com/fasterxml/jackson/core/jackson-databind/2.13.1/jackson-databind-2.13.1.jar:/Users/tsurdilovic/.m2/repository/com/fasterxml/jackson/core/jackson-annotations/2.13.1/jackson-annotations-2.13.1.jar:/Users/tsurdilovic/.m2/repository/com/fasterxml/jackson/core/jackson-core/2.13.1/jackson-core-2.13.1.jar:/Users/tsurdilovic/.m2/repository/io/micrometer/micrometer-registry-prometheus/1.8.5/micrometer-registry-prometheus-1.8.5.jar:/Users/tsurdilovic/.m2/repository/io/prometheus/simpleclient_common/0.12.0/simpleclient_common-0.12.0.jar:/Users/tsurdilovic/.m2/repository/io/prometheus/simpleclient/0.12.0/simpleclient-0.12.0.jar:/Users/tsurdilovic/.m2/repository/io/prometheus/simpleclient_tracer_otel/0.12.0/simpleclient_tracer_otel-0.12.0.jar:/Users/tsurdilovic/.m2/repository/io/prometheus/simpleclient_tracer_common/0.12.0/simpleclient_tracer_common-0.12.0.jar:/Users/tsurdilovic/.m2/repository/io/prometheus/simpleclient_tracer_otel_agent/0.12.0/simpleclient_tracer_otel_agent-0.12.0.jar:/Users/tsurdilovic/.m2/repository/junit/junit/4.13.2/junit-4.13.2.jar:/Users/tsurdilovic/.m2/repository/org/hamcrest/hamcrest-core/1.3/hamcrest-core-1.3.jar:/Users/tsurdilovic/.m2/repository/org/junit/jupiter/junit-jupiter-api/5.8.1/junit-jupiter-api-5.8.1.jar:/Users/tsurdilovic/.m2/repository/org/opentest4j/opentest4j/1.2.0/opentest4j-1.2.0.jar:/Users/tsurdilovic/.m2/repository/org/junit/platform/junit-platform-commons/1.8.1/junit-platform-commons-1.8.1.jar:/Users/tsurdilovic/.m2/repository/org/apiguardian/apiguardian-api/1.1.2/apiguardian-api-1.1.2.jar:/Users/tsurdilovic/.m2/repository/org/junit/jupiter/junit-jupiter-engine/5.8.1/junit-jupiter-engine-5.8.1.jar:/Users/tsurdilovic/.m2/repository/org/junit/platform/junit-platform-engine/1.8.1/junit-platform-engine-1.8.1.jar:/Users/tsurdilovic/.m2/repository/org/junit/vintage/junit-vintage-engine/5.8.1/junit-vintage-engine-5.8.1.jar:/Users/tsurdilovic/.m2/repository/org/powermock/powermock-api-mockito2/2.0.9/powermock-api-mockito2-2.0.9.jar:/Users/tsurdilovic/.m2/repository/org/powermock/powermock-api-support/2.0.9/powermock-api-support-2.0.9.jar:/Users/tsurdilovic/.m2/repository/org/powermock/powermock-reflect/2.0.9/powermock-reflect-2.0.9.jar:/Users/tsurdilovic/.m2/repository/org/powermock/powermock-core/2.0.9/powermock-core-2.0.9.jar:/Users/tsurdilovic/.m2/repository/org/javassist/javassist/3.27.0-GA/javassist-3.27.0-GA.jar:/Users/tsurdilovic/.m2/repository/org/mockito/mockito-core/4.0.0/mockito-core-4.0.0.jar:/Users/tsurdilovic/.m2/repository/net/bytebuddy/byte-buddy/1.11.19/byte-buddy-1.11.19.jar:/Users/tsurdilovic/.m2/repository/net/bytebuddy/byte-buddy-agent/1.11.19/byte-buddy-agent-1.11.19.jar:/Users/tsurdilovic/.m2/repository/org/objenesis/objenesis/3.2/objenesis-3.2.jar:"/>
    <property name="java.vm.vendor" value="AdoptOpenJDK"/>
    <property name="sun.arch.data.model" value="64"/>
    <property name="java.vendor.url" value="https://adoptopenjdk.net/"/>
    <property name="user.timezone" value=""/>
    <property name="java.vm.specification.version" value="11"/>
    <property name="os.name" value="Mac OS X"/>
    <property name="sun.java.launcher" value="SUN_STANDARD"/>
    <property name="user.country" value="US"/>
    <property name="sun.boot.library.path" value="/Library/Java/JavaVirtualMachines/adoptopenjdk-11.jdk/Contents/Home/lib"/>
    <property name="sun.java.command" value="/Users/tsurdilovic/devel/demos/moneytransfer/banking-orchestration/target/surefire/surefirebooter2176416854466082971.jar /Users/tsurdilovic/devel/demos/moneytransfer/banking-orchestration/target/surefire 2023-02-01T12-43-58_422-jvmRun1 surefire1798586128453234697tmp surefire_014829212519311667624tmp"/>
    <property name="http.nonProxyHosts" value="local|*.local|169.254/16|*.169.254/16"/>
    <property name="jdk.debug" value="release"/>
    <property name="surefire.test.class.path" value="/Users/tsurdilovic/devel/demos/moneytransfer/banking-orchestration/target/test-classes:/Users/tsurdilovic/devel/demos/moneytransfer/banking-orchestration/target/classes:/Users/tsurdilovic/.m2/repository/io/temporal/temporal-sdk/1.18.0/temporal-sdk-1.18.0.jar:/Users/tsurdilovic/.m2/repository/io/temporal/temporal-serviceclient/1.18.0/temporal-serviceclient-1.18.0.jar:/Users/tsurdilovic/.m2/repository/io/grpc/grpc-api/1.52.1/grpc-api-1.52.1.jar:/Users/tsurdilovic/.m2/repository/io/grpc/grpc-context/1.52.1/grpc-context-1.52.1.jar:/Users/tsurdilovic/.m2/repository/com/google/code/findbugs/jsr305/3.0.2/jsr305-3.0.2.jar:/Users/tsurdilovic/.m2/repository/com/google/errorprone/error_prone_annotations/2.14.0/error_prone_annotations-2.14.0.jar:/Users/tsurdilovic/.m2/repository/io/grpc/grpc-stub/1.52.1/grpc-stub-1.52.1.jar:/Users/tsurdilovic/.m2/repository/io/grpc/grpc-netty-shaded/1.52.1/grpc-netty-shaded-1.52.1.jar:/Users/tsurdilovic/.m2/repository/io/perfmark/perfmark-api/0.25.0/perfmark-api-0.25.0.jar:/Users/tsurdilovic/.m2/repository/io/grpc/grpc-services/1.52.1/grpc-services-1.52.1.jar:/Users/tsurdilovic/.m2/repository/io/grpc/grpc-protobuf/1.52.1/grpc-protobuf-1.52.1.jar:/Users/tsurdilovic/.m2/repository/com/google/api/grpc/proto-google-common-protos/2.9.0/proto-google-common-protos-2.9.0.jar:/Users/tsurdilovic/.m2/repository/io/grpc/grpc-protobuf-lite/1.52.1/grpc-protobuf-lite-1.52.1.jar:/Users/tsurdilovic/.m2/repository/com/google/protobuf/protobuf-java-util/3.21.12/protobuf-java-util-3.21.12.jar:/Users/tsurdilovic/.m2/repository/com/google/protobuf/protobuf-java/3.21.12/protobuf-java-3.21.12.jar:/Users/tsurdilovic/.m2/repository/com/uber/m3/tally-core/0.12.0/tally-core-0.12.0.jar:/Users/tsurdilovic/.m2/repository/javax/annotation/javax.annotation-api/1.3.2/javax.annotation-api-1.3.2.jar:/Users/tsurdilovic/.m2/repository/io/grpc/grpc-core/1.52.1/grpc-core-1.52.1.jar:/Users/tsurdilovic/.m2/repository/com/google/android/annotations/4.1.1.4/annotations-4.1.1.4.jar:/Users/tsurdilovic/.m2/repository/org/codehaus/mojo/animal-sniffer-annotations/1.21/animal-sniffer-annotations-1.21.jar:/Users/tsurdilovic/.m2/repository/com/google/code/gson/gson/2.10.1/gson-2.10.1.jar:/Users/tsurdilovic/.m2/repository/io/micrometer/micrometer-core/1.9.7/micrometer-core-1.9.7.jar:/Users/tsurdilovic/.m2/repository/org/hdrhistogram/HdrHistogram/2.1.12/HdrHistogram-2.1.12.jar:/Users/tsurdilovic/.m2/repository/org/latencyutils/LatencyUtils/2.0.3/LatencyUtils-2.0.3.jar:/Users/tsurdilovic/.m2/repository/com/google/guava/guava/31.1-jre/guava-31.1-jre.jar:/Users/tsurdilovic/.m2/repository/com/google/guava/failureaccess/1.0.1/failureaccess-1.0.1.jar:/Users/tsurdilovic/.m2/repository/com/google/guava/listenablefuture/9999.0-empty-to-avoid-conflict-with-guava/listenablefuture-9999.0-empty-to-avoid-conflict-with-guava.jar:/Users/tsurdilovic/.m2/repository/com/fasterxml/jackson/datatype/jackson-datatype-jsr310/2.14.2/jackson-datatype-jsr310-2.14.2.jar:/Users/tsurdilovic/.m2/repository/com/fasterxml/jackson/datatype/jackson-datatype-jdk8/2.14.2/jackson-datatype-jdk8-2.14.2.jar:/Users/tsurdilovic/.m2/repository/io/temporal/temporal-testing/1.18.0/temporal-testing-1.18.0.jar:/Users/tsurdilovic/.m2/repository/io/temporal/temporal-test-server/1.18.0/temporal-test-server-1.18.0.jar:/Users/tsurdilovic/.m2/repository/com/cronutils/cron-utils/9.2.0/cron-utils-9.2.0.jar:/Users/tsurdilovic/.m2/repository/org/glassfish/jakarta.el/3.0.4/jakarta.el-3.0.4.jar:/Users/tsurdilovic/.m2/repository/com/jayway/jsonpath/json-path/2.7.0/json-path-2.7.0.jar:/Users/tsurdilovic/.m2/repository/net/minidev/json-smart/2.4.7/json-smart-2.4.7.jar:/Users/tsurdilovic/.m2/repository/net/minidev/accessors-smart/2.4.7/accessors-smart-2.4.7.jar:/Users/tsurdilovic/.m2/repository/org/ow2/asm/asm/9.1/asm-9.1.jar:/Users/tsurdilovic/.m2/repository/ch/qos/logback/logback-classic/1.2.6/logback-classic-1.2.6.jar:/Users/tsurdilovic/.m2/repository/ch/qos/logback/logback-core/1.2.6/logback-core-1.2.6.jar:/Users/tsurdilovic/.m2/repository/org/slf4j/slf4j-api/1.7.32/slf4j-api-1.7.32.jar:/Users/tsurdilovic/.m2/repository/commons-configuration/commons-configuration/1.10/commons-configuration-1.10.jar:/Users/tsurdilovic/.m2/repository/commons-lang/commons-lang/2.6/commons-lang-2.6.jar:/Users/tsurdilovic/.m2/repository/commons-logging/commons-logging/1.1.1/commons-logging-1.1.1.jar:/Users/tsurdilovic/.m2/repository/com/fasterxml/jackson/core/jackson-databind/2.13.1/jackson-databind-2.13.1.jar:/Users/tsurdilovic/.m2/repository/com/fasterxml/jackson/core/jackson-annotations/2.13.1/jackson-annotations-2.13.1.jar:/Users/tsurdilovic/.m2/repository/com/fasterxml/jackson/core/jackson-core/2.13.1/jackson-core-2.13.1.jar:/Users/tsurdilovic/.m2/repository/io/micrometer/micrometer-registry-prometheus/1.8.5/micrometer-registry-prometheus-1.8.5.jar:/Users/tsurdilovic/.m2/repository/io/prometheus/simpleclient_common/0.12.0/simpleclient_common-0.12.0.jar:/Users/tsurdilovic/.m2/repository/io/prometheus/simpleclient/0.12.0/simpleclient-0.12.0.jar:/Users/tsurdilovic/.m2/repository/io/prometheus/simpleclient_tracer_otel/0.12.0/simpleclient_tracer_otel-0.12.0.jar:/Users/tsurdilovic/.m2/repository/io/prometheus/simpleclient_tracer_common/0.12.0/simpleclient_tracer_common-0.12.0.jar:/Users/tsurdilovic/.m2/repository/io/prometheus/simpleclient_tracer_otel_agent/0.12.0/simpleclient_tracer_otel_agent-0.12.0.jar:/Users/tsurdilovic/.m2/repository/junit/junit/4.13.2/junit-4.13.2.jar:/Users/tsurdilovic/.m2/repository/org/hamcrest/hamcrest-core/1.3/hamcrest-core-1.3.jar:/Users/tsurdilovic/.m2/repository/org/junit/jupiter/junit-jupiter-api/5.8.1/junit-jupiter-api-5.8.1.jar:/Users/tsurdilovic/.m2/repository/org/opentest4j/opentest4j/1.2.0/opentest4j-1.2.0.jar:/Users/tsurdilovic/.m2/repository/org/junit/platform/junit-platform-commons/1.8.1/junit-platform-commons-1.8.1.jar:/Users/tsurdilovic/.m2/repository/org/apiguardian/apiguardian-api/1.1.2/apiguardian-api-1.1.2.jar:/Users/tsurdilovic/.m2/repository/org/junit/jupiter/junit-jupiter-engine/5.8.1/junit-jupiter-engine-5.8.1.jar:/Users/tsurdilovic/.m2/repository/org/junit/platform/junit-platform-engine/1.8.1/junit-platform-engine-1.8.1.jar:/Users/tsurdilovic/.m2/repository/org/junit/vintage/junit-vintage-engine/5.8.1/junit-vintage-engine-5.8.1.jar:/Users/tsurdilovic/.m2/repository/org/powermock/powermock-api-mockito2/2.0.9/powermock-api-mockito2-2.0.9.jar:/Users/tsurdilovic/.m2/repository/org/powermock/powermock-api-support/2.0.9/powermock-api-support-2.0.9.jar:/Users/tsurdilovic/.m2/repository/org/powermock/powermock-reflect/2.0.9/powermock-reflect-2.0.9.jar:/Users/tsurdilovic/.m2/repository/org/powermock/powermock-core/2.0.9/powermock-core-2.0.9.jar:/Users/tsurdilovic/.m2/repository/org/javassist/javassist/3.27.0-GA/javassist-3.27.0-GA.jar:/Users/tsurdilovic/.m2/repository/org/mockito/mockito-core/4.0.0/mockito-core-4.0.0.jar:/Users/tsurdilovic/.m2/repository/net/bytebuddy/byte-buddy/1.11.19/byte-buddy-1.11.19.jar:/Users/tsurdilovic/.m2/repository/net/bytebuddy/byte-buddy-agent/1.11.19/byte-buddy-agent-1.11.19.jar:/Users/tsurdilovic/.m2/repository/org/objenesis/objenesis/3.2/objenesis-3.2.jar:"/>
    <property name="sun.cpu.endian" value="little"/>
    <property name="user.home" value="/Users/tsurdilovic"/>
    <property name="user.language" value="en"/>
    <property name="java.specification.vendor" value="Oracle Corporation"/>
    <property name="java.version.date" value="2021-04-20"/>
    <property name="java.home" value="/Library/Java/JavaVirtualMachines/adoptopenjdk-11.jdk/Contents/Home"/>
    <property name="file.separator" value="/"/>
    <property name="basedir" value="/Users/tsurdilovic/devel/demos/moneytransfer/banking-orchestration"/>
    <property name="java.vm.compressedOopsMode" value="Zero based"/>
    <property name="line.separator" value="&#10;"/>
    <property name="java.specification.name" value="Java Platform API Specification"/>
    <property name="java.vm.specification.vendor" value="Oracle Corporation"/>
    <property name="java.awt.graphicsenv" value="sun.awt.CGraphicsEnvironment"/>
    <property name="surefire.real.class.path" value="/Users/tsurdilovic/devel/demos/moneytransfer/banking-orchestration/target/surefire/surefirebooter2176416854466082971.jar"/>
    <property name="sun.management.compiler" value="HotSpot 64-Bit Tiered Compilers"/>
    <property name="ftp.nonProxyHosts" value="local|*.local|169.254/16|*.169.254/16"/>
    <property name="java.runtime.version" value="11.0.11+9"/>
    <property name="user.name" value="tsurdilovic"/>
    <property name="path.separator" value=":"/>
    <property name="os.version" value="11.2"/>
    <property name="java.runtime.name" value="OpenJDK Runtime Environment"/>
    <property name="file.encoding" value="UTF-8"/>
    <property name="java.vm.name" value="OpenJDK 64-Bit Server VM"/>
    <property name="java.vendor.version" value="AdoptOpenJDK-11.0.11+9"/>
    <property name="localRepository" value="/Users/tsurdilovic/.m2/repository"/>
    <property name="java.vendor.url.bug" value="https://github.com/AdoptOpenJDK/openjdk-support/issues"/>
    <property name="java.io.tmpdir" value="/var/folders/75/fxgw3r1j0j198s8btg3dbb640000gn/T/"/>
    <property name="java.version" value="11.0.11"/>
    <property name="user.dir" value="/Users/tsurdilovic/devel/demos/moneytransfer/banking-orchestration"/>
    <property name="os.arch" value="x86_64"/>
    <property name="java.vm.specification.name" value="Java Virtual Machine Specification"/>
    <property name="java.awt.printerjob" value="sun.lwawt.macosx.CPrinterJob"/>
    <property name="sun.os.patch.level" value="unknown"/>
    <property name="java.library.path" value="/Users/tsurdilovic/Library/Java/Extensions:/Library/Java/Extensions:/Network/Library/Java/Extensions:/System/Library/Java/Extensions:/usr/lib/java:."/>
    <property name="java.vm.info" value="mixed mode"/>
    <property name="java.vendor" value="AdoptOpenJDK"/>
    <property name="java.vm.version" value="11.0.11+9"/>
    <property name="sun.io.unicode.encoding" value="UnicodeBig"/>
    <property name="java.class.version" value="55.0"/>
    <property name="socksNonProxyHosts" value="local|*.local|169.254/16|*.169.254/16"/>
  </properties>
  <testcase name="shouldAnswerWithTrue" classname="com.sample.AppTest" time="0.004"/>
</testsuite>